INFO:root:icons-folder contains an illegal char. It is being reverted to default name
INFO:root:languages-folder contains an illegal char. It is being reverted to default name
INFO:root:DEBUG mode is on
DEBUG:root:en language is initiated
DEBUG:root:Checking for new launcher versions
INFO:root:icons-folder contains an illegal char. It is being reverted to default name
INFO:root:languages-folder contains an illegal char. It is being reverted to default name
INFO:root:Downloading new games...
DEBUG:urllib3.connectionpool:Starting new HTTPS connection (1): raw.githubusercontent.com:443
DEBUG:urllib3.connectionpool:https://raw.githubusercontent.com:443 "GET /JeffAxe123/miniProjects/v2/downloads.txt HTTP/1.1" 200 37
DEBUG:root:these games are: ['GuessANumber', 'GAN']
DEBUG:root:GAN.jar is being checked against list of valid games
DEBUG:root:GAN.jar is valid
DEBUG:root:GuessANumber.jar is being checked against list of valid games
DEBUG:root:GuessANumber.jar is valid
DEBUG:root:You already have GuessANumber, skipping over
DEBUG:urllib3.connectionpool:Starting new HTTPS connection (1): raw.githubusercontent.com:443
DEBUG:urllib3.connectionpool:https://raw.githubusercontent.com:443 "GET /JeffAxe123/miniProjects/v2/games/GuessANumber/bin/GuessANumber.lang HTTP/1.1" 200 89
DEBUG:root:downloading GuessANumber.lang
DEBUG:root:You already have GAN, skipping over
DEBUG:urllib3.connectionpool:Starting new HTTPS connection (1): raw.githubusercontent.com:443
DEBUG:urllib3.connectionpool:https://raw.githubusercontent.com:443 "GET /JeffAxe123/miniProjects/v2/games/GAN/bin/GAN.lang HTTP/1.1" 200 49
DEBUG:root:downloading GAN.lang
DEBUG:urllib3.connectionpool:Starting new HTTPS connection (1): raw.githubusercontent.com:443
DEBUG:urllib3.connectionpool:https://raw.githubusercontent.com:443 "GET /JeffAxe123/miniProjects/v2/assets/icons/missing.png HTTP/1.1" 200 3369
DEBUG:urllib3.connectionpool:Starting new HTTPS connection (1): raw.githubusercontent.com:443
DEBUG:urllib3.connectionpool:https://raw.githubusercontent.com:443 "GET /JeffAxe123/miniProjects/v2/assets/icons/games/GAN.png HTTP/1.1" 200 384
ERROR:root:[Errno 2] No such file or directory: 'assets/icons/games/GAN.png'
Traceback (most recent call last):
  File "C:\Users\18lew\jar_launchers\Java miniProjects\launcher.pyw", line 505, in <module>
    mainWindow()
  File "C:\Users\18lew\jar_launchers\Java miniProjects\launcher.pyw", line 308, in mainWindow
    play()
  File "C:\Users\18lew\jar_launchers\Java miniProjects\launcher.pyw", line 432, in play
    with open("assets/icons/games/"+i+".png", "wb") as imageio:
FileNotFoundError: [Errno 2] No such file or directory: 'assets/icons/games/GAN.png'
INFO:root:Process exited with code 1
