INFO:root:DEBUG mode is on
DEBUG:root:en language is initiated
DEBUG:root:Checking for new launcher versions
INFO:root:Downloading new games...
DEBUG:urllib3.connectionpool:Starting new HTTPS connection (1): raw.githubusercontent.com:443
DEBUG:urllib3.connectionpool:https://raw.githubusercontent.com:443 "GET /JeffAxe123/miniProjects/v2/downloads.txt HTTP/1.1" 200 37
DEBUG:root:these games are: ['GuessANumber', 'GAN']
DEBUG:root:GAN.jar is being checked against list of valid games
DEBUG:root:GAN.jar is valid
DEBUG:root:GuessANumber.jar is being checked against list of valid games
DEBUG:root:GuessANumber.jar is valid
DEBUG:root:You already have GuessANumber, skipping over
DEBUG:urllib3.connectionpool:Starting new HTTPS connection (1): raw.githubusercontent.com:443
DEBUG:urllib3.connectionpool:https://raw.githubusercontent.com:443 "GET /JeffAxe123/miniProjects/v2/games/GuessANumber/bin/GuessANumber.lang HTTP/1.1" 200 89
DEBUG:root:downloading GuessANumber.lang
DEBUG:root:You already have GAN, skipping over
DEBUG:urllib3.connectionpool:Starting new HTTPS connection (1): raw.githubusercontent.com:443
DEBUG:urllib3.connectionpool:https://raw.githubusercontent.com:443 "GET /JeffAxe123/miniProjects/v2/games/GAN/bin/GAN.lang HTTP/1.1" 200 49
DEBUG:root:downloading GAN.lang
DEBUG:urllib3.connectionpool:Starting new HTTPS connection (1): raw.githubusercontent.com:443
DEBUG:urllib3.connectionpool:https://raw.githubusercontent.com:443 "GET /JeffAxe123/miniProjects/v2/assets/icons/games/GAN.png HTTP/1.1" 200 384
INFO:root:'charmap' codec can't decode byte 0x8f in position 57: character maps to <undefined>
DEBUG:urllib3.connectionpool:Starting new HTTPS connection (1): raw.githubusercontent.com:443
DEBUG:urllib3.connectionpool:https://raw.githubusercontent.com:443 "GET /JeffAxe123/miniProjects/v2/assets/icons/games/GuessANumber.png HTTP/1.1" 404 14
ERROR:root:couldn't open "config["icons-folder"]/games/GAN.png": no such file or directory
Traceback (most recent call last):
  File "C:\Users\18lew\jar_launchers\Java miniProjects\launcher.pyw", line 500, in <module>
    mainWindow()
  File "C:\Users\18lew\jar_launchers\Java miniProjects\launcher.pyw", line 303, in mainWindow
    play()
  File "C:\Users\18lew\jar_launchers\Java miniProjects\launcher.pyw", line 455, in play
    window = sg.Window(core["name"] + "(Playing in /" + config["Games-Directory"] + "/)",
  File "C:\Users\18lew\AppData\Local\Programs\Python\Python39\lib\site-packages\PySimpleGUI\PySimpleGUI.py", line 7942, in Finalize
    self.Read(timeout=1)
  File "C:\Users\18lew\AppData\Local\Programs\Python\Python39\lib\site-packages\PySimpleGUI\PySimpleGUI.py", line 7721, in Read
    results = self._read(timeout=timeout, timeout_key=timeout_key)
  File "C:\Users\18lew\AppData\Local\Programs\Python\Python39\lib\site-packages\PySimpleGUI\PySimpleGUI.py", line 7787, in _read
    self._Show()
  File "C:\Users\18lew\AppData\Local\Programs\Python\Python39\lib\site-packages\PySimpleGUI\PySimpleGUI.py", line 7548, in _Show
    StartupTK(self)
  File "C:\Users\18lew\AppData\Local\Programs\Python\Python39\lib\site-packages\PySimpleGUI\PySimpleGUI.py", line 13024, in StartupTK
    _convert_window_to_tk(window)
  File "C:\Users\18lew\AppData\Local\Programs\Python\Python39\lib\site-packages\PySimpleGUI\PySimpleGUI.py", line 12912, in _convert_window_to_tk
    PackFormIntoFrame(window, master, window)
  File "C:\Users\18lew\AppData\Local\Programs\Python\Python39\lib\site-packages\PySimpleGUI\PySimpleGUI.py", line 12238, in PackFormIntoFrame
    photo = tk.PhotoImage(file=element.Filename)
  File "C:\Users\18lew\AppData\Local\Programs\Python\Python39\lib\tkinter\__init__.py", line 4063, in __init__
    Image.__init__(self, 'photo', name, cnf, master, **kw)
  File "C:\Users\18lew\AppData\Local\Programs\Python\Python39\lib\tkinter\__init__.py", line 4008, in __init__
    self.tk.call(('image', 'create', imgtype, name,) + options)
_tkinter.TclError: couldn't open "config["icons-folder"]/games/GAN.png": no such file or directory
INFO:root:Process exited with code 1
