INFO:root:DEBUG mode is on
DEBUG:root:en language is initiated
DEBUG:root:Checking for new launcher versions
INFO:root:Downloading new games...
DEBUG:urllib3.connectionpool:Starting new HTTPS connection (1): raw.githubusercontent.com:443
DEBUG:urllib3.connectionpool:https://raw.githubusercontent.com:443 "GET /JeffAxe123/miniProjects/v2/downloads.txt HTTP/1.1" 200 37
DEBUG:root:these games are: ['GuessANumber', 'GAN']
DEBUG:root:GAN.jar is being checked against list of valid games
DEBUG:root:GAN.jar is valid
DEBUG:root:GuessANumber.jar is being checked against list of valid games
DEBUG:root:GuessANumber.jar is valid
DEBUG:root:You already have GuessANumber, skipping over
DEBUG:urllib3.connectionpool:Starting new HTTPS connection (1): raw.githubusercontent.com:443
DEBUG:urllib3.connectionpool:https://raw.githubusercontent.com:443 "GET /JeffAxe123/miniProjects/v2/games/GuessANumber/bin/GuessANumber.lang HTTP/1.1" 200 89
ERROR:root:[Errno 2] No such file or directory: 'languages/games/GuessANumber.lang'
Traceback (most recent call last):
  File "C:\Users\18lew\jar_launchers\Java miniProjects\launcher.pyw", line 505, in <module>
    mainWindow()
  File "C:\Users\18lew\jar_launchers\Java miniProjects\launcher.pyw", line 308, in mainWindow
    play()
  File "C:\Users\18lew\jar_launchers\Java miniProjects\launcher.pyw", line 388, in play
    with open("languages/games/" + file + ".lang", "wb") as io:
FileNotFoundError: [Errno 2] No such file or directory: 'languages/games/GuessANumber.lang'
INFO:root:Process exited with code 1
